srun: Job step aborted: Waiting up to 32 seconds for job step to finish.
slurmstepd: error: *** STEP 26175451.0 ON cs-f14c04b09 CANCELLED AT 2023-03-13T19:05:39 ***
slurmstepd: error: *** JOB 26175451 ON cs-f14c04b09 CANCELLED AT 2023-03-13T19:05:39 ***
