srun: Job step aborted: Waiting up to 32 seconds for job step to finish.
slurmstepd: error: *** STEP 26175316.0 ON cs-f14c05b11 CANCELLED AT 2023-03-13T18:28:30 ***
slurmstepd: error: *** JOB 26175316 ON cs-f14c05b11 CANCELLED AT 2023-03-13T18:28:30 ***
